<?xml version="1.0" encoding="UTF-8"?>
<testsuite xmlns:xsi="http://www.w3.org/2001/XMLSchema-instance" xsi:noNamespaceSchemaLocation="https://maven.apache.org/surefire/maven-surefire-plugin/xsd/surefire-test-report-3.0.xsd" version="3.0" name="com.amilla.domain.service.PredictionDomainServiceTest" time="0.044" tests="7" errors="0" skipped="0" failures="0">
  <properties>
[...]
</properties>
  <testcase name="testOtherPredictionsHiddenBeforeLock" classname="com.amilla.domain.service.PredictionDomainServiceTest" time="0.006"/>
  <testcase name="testLongTermAllowedBeforeGroupStageEnds" classname="com.amilla.domain.service.PredictionDomainServiceTest" time="0.006"/>
  <testcase name="testOtherPredictionsVisibleAfterLock" classname="com.amilla.domain.service.PredictionDomainServiceTest" time="0.003"/>
  <testcase name="testSubmissionBlockedWhenKickoffIsTooFarInFuture" classname="com.amilla.domain.service.PredictionDomainServiceTest" time="0.003"/>
  <testcase name="testLongTermBlockedAfterGroupStageEnds" classname="com.amilla.domain.service.PredictionDomainServiceTest" time="0.002"/>
  <testcase name="testSubmissionBlockedWhenKickoffIsClose" classname="com.amilla.domain.service.PredictionDomainServiceTest" time="0.003"/>
  <testcase name="testSubmissionAllowedWithinPredictionWindow" classname="com.amilla.domain.service.PredictionDomainServiceTest" time="0.004"/>
</testsuite>