<?xml version="1.0" encoding="UTF-8"?>
<testsuite xmlns:xsi="http://www.w3.org/2001/XMLSchema-instance" xsi:noNamespaceSchemaLocation="https://maven.apache.org/surefire/maven-surefire-plugin/xsd/surefire-test-report-3.0.xsd" version="3.0" name="com.amilla.QueryDbTest" time="17.683" tests="1" errors="0" skipped="0" failures="0">
  <properties>
[...]
</properties>
  <testcase name="printMatches" classname="com.amilla.QueryDbTest" time="1.017">
    <system-out><![CDATA[18:39:04.075 [main] INFO org.springframework.test.context.support.AnnotationConfigContextLoaderUtils -- Could not detect default configuration classes for test class [com.amilla.QueryDbTest]: QueryDbTest does not declare any static, non-private, non-final, nested classes annotated with @Configuration.
18:39:04.344 [main] INFO org.springframework.boot.test.context.SpringBootTestContextBootstrapper -- Found @SpringBootConfiguration com.amilla.AmillaApplication for test class com.amilla.QueryDbTest
  .   ____          _            __ _ _
 /\\ / ___'_ __ _ _(_)_ __  __ _ \ \ \ \
( ( )\___ | '_ | '_| | '_ \/ _` | \ \ \ \
 \\/  ___)| |_)| | | | | || (_| |  ) ) ) )
  '  |____| .__|_| |_|_| |_\__, | / / / /
 =========|_|==============|___/=/_/_/_/

 :: Spring Boot ::                (v3.3.0)

2026-06-02T18:39:05.275+03:00  INFO 19336 --- [           main] com.amilla.QueryDbTest                   : Starting QueryDbTest using Java 21.0.10 with PID 19336 (started by stavr in C:\Users\stavr\Documents\GitHub\amilla\backend)
2026-06-02T18:39:05.278+03:00  INFO 19336 --- [           main] com.amilla.QueryDbTest                   : No active profile set, falling back to 1 default profile: "default"
2026-06-02T18:39:07.116+03:00  INFO 19336 --- [           main] .s.d.r.c.RepositoryConfigurationDelegate : Bootstrapping Spring Data JPA repositories in DEFAULT mode.
2026-06-02T18:39:07.547+03:00  INFO 19336 --- [           main] .s.d.r.c.RepositoryConfigurationDelegate : Finished Spring Data repository scanning in 414 ms. Found 4 JPA repository interfaces.
2026-06-02T18:39:08.833+03:00  INFO 19336 --- [           main] o.hibernate.jpa.internal.util.LogHelper  : HHH000204: Processing PersistenceUnitInfo [name: default]
2026-06-02T18:39:09.075+03:00  INFO 19336 --- [           main] org.hibernate.Version                    : HHH000412: Hibernate ORM core version 6.5.2.Final
2026-06-02T18:39:09.190+03:00  INFO 19336 --- [           main] o.h.c.internal.RegionFactoryInitiator    : HHH000026: Second-level cache disabled
2026-06-02T18:39:10.115+03:00  INFO 19336 --- [           main] o.s.o.j.p.SpringPersistenceUnitInfo      : No LoadTimeWeaver setup: ignoring JPA class transformer
2026-06-02T18:39:10.215+03:00  INFO 19336 --- [           main] com.zaxxer.hikari.HikariDataSource       : HikariPool-1 - Starting...
2026-06-02T18:39:10.782+03:00  INFO 19336 --- [           main] com.zaxxer.hikari.pool.HikariPool        : HikariPool-1 - Added connection org.postgresql.jdbc.PgConnection@538aa83f
2026-06-02T18:39:10.787+03:00  INFO 19336 --- [           main] com.zaxxer.hikari.HikariDataSource       : HikariPool-1 - Start completed.
2026-06-02T18:39:10.902+03:00  WARN 19336 --- [           main] org.hibernate.orm.deprecation            : HHH90000025: PostgreSQLDialect does not need to be specified explicitly using 'hibernate.dialect' (remove the property setting and it will be selected by default)
2026-06-02T18:39:14.113+03:00  INFO 19336 --- [           main] o.h.e.t.j.p.i.JtaPlatformInitiator       : HHH000489: No JTA platform available (set 'hibernate.transaction.jta.platform' to enable JTA platform integration)
2026-06-02T18:39:14.247+03:00  INFO 19336 --- [           main] j.LocalContainerEntityManagerFactoryBean : Initialized JPA EntityManagerFactory for persistence unit 'default'
2026-06-02T18:39:17.295+03:00  WARN 19336 --- [           main] JpaBaseConfiguration$JpaWebConfiguration : spring.jpa.open-in-view is enabled by default. Therefore, database queries may be performed during view rendering. Explicitly configure spring.jpa.open-in-view to disable this warning
2026-06-02T18:39:17.377+03:00  WARN 19336 --- [           main] .s.s.UserDetailsServiceAutoConfiguration : 

Using generated security password: 67f23fb1-76bd-46c1-b415-d4134d4c9bf6

This generated password is for development use only. Your security configuration must be updated before running your application in production.

2026-06-02T18:39:17.407+03:00  INFO 19336 --- [           main] r$InitializeUserDetailsManagerConfigurer : Global AuthenticationManager configured with UserDetailsService bean with name inMemoryUserDetailsManager
2026-06-02T18:39:18.262+03:00  INFO 19336 --- [           main] o.s.s.web.DefaultSecurityFilterChain     : Will secure any request with [org.springframework.security.web.session.DisableEncodeUrlFilter@21e32876, org.springframework.security.web.context.request.async.WebAsyncManagerIntegrationFilter@a642c54, org.springframework.security.web.context.SecurityContextHolderFilter@64404db6, org.springframework.security.web.header.HeaderWriterFilter@2e640411, org.springframework.web.filter.CorsFilter@11c372e9, org.springframework.security.web.authentication.logout.LogoutFilter@10cf3e4f, com.amilla.adapters.security.JwtAuthenticationFilter@ee7a538, org.springframework.security.web.savedrequest.RequestCacheAwareFilter@53f18591, org.springframework.security.web.servletapi.SecurityContextHolderAwareRequestFilter@56adb75e, org.springframework.security.web.authentication.AnonymousAuthenticationFilter@4b59a1c1, org.springframework.security.web.session.SessionManagementFilter@530aa75c, org.springframework.security.web.access.ExceptionTranslationFilter@622c658d, org.springframework.security.web.access.intercept.AuthorizationFilter@66c9aca2]
2026-06-02T18:39:19.372+03:00  INFO 19336 --- [           main] com.amilla.QueryDbTest                   : Started QueryDbTest in 14.701 seconds (process running for 17.957)
2026-06-02T18:39:19.384+03:00  INFO 19336 --- [           main] c.a.application.service.DatabaseSeeder   : Running automatic match database seeder...
2026-06-02T18:39:19.426+03:00  INFO 19336 --- [           main] c.a.application.service.MatchService     : Checking database for seeding...
Hibernate: 
    select
        me1_0.id,
        me1_0.away_score_90,
        me1_0.away_team,
        me1_0.home_score_90,
        me1_0.home_team,
        me1_0.kickoff_time,
        me1_0.match_stage,
        me1_0.qualified_team,
        me1_0.status 
    from
        matches me1_0
2026-06-02T18:39:19.836+03:00  INFO 19336 --- [           main] c.a.application.service.MatchService     : Database already has matches. Seeding skipped.
Hibernate: 
    select
        me1_0.id,
        me1_0.away_score_90,
        me1_0.away_team,
        me1_0.home_score_90,
        me1_0.home_team,
        me1_0.kickoff_time,
        me1_0.match_stage,
        me1_0.qualified_team,
        me1_0.status 
    from
        matches me1_0
=== MATCHES IN DB ===
wc26-01 | Μεξικό vs Νότια Αφρική | 2026-06-11T19:00:00Z | SCHEDULED
wc26-02 | Νότια Κορέα vs Τσεχία | 2026-06-11T23:00:00Z | SCHEDULED
wc26-03 | Καναδάς vs Βοσνία και Ερζεγοβίνη | 2026-06-12T19:00:00Z | SCHEDULED
wc26-04 | Ηνωμένες Πολιτείες Αμερικής vs Παραγουάη | 2026-06-12T21:00:00Z | SCHEDULED
wc26-05 | Αϊτή vs Σκωτία | 2026-06-13T21:00:00Z | SCHEDULED
wc26-06 | Αυστραλία vs Τουρκία | 2026-06-14T00:00:00Z | SCHEDULED
wc26-07 | Βραζιλία vs Μαρόκο | 2026-06-13T18:00:00Z | SCHEDULED
wc26-08 | Κατάρ vs Ελβετία | 2026-06-13T15:00:00Z | SCHEDULED
wc26-09 | Ακτή Ελεφαντοστού vs Ισημερινός | 2026-06-14T19:00:00Z | SCHEDULED
wc26-10 | Γερμανία vs Κουρασάο | 2026-06-14T13:00:00Z | SCHEDULED
wc26-11 | Ολλανδία vs Ιαπωνία | 2026-06-14T16:00:00Z | SCHEDULED
wc26-12 | Σουηδία vs Τυνησία | 2026-06-14T22:00:00Z | SCHEDULED
wc26-13 | Σαουδική Αραβία vs Ουρουγουάη | 2026-06-15T18:00:00Z | SCHEDULED
wc26-14 | Ισπανία vs Πράσινο Ακρωτήριο | 2026-06-15T12:00:00Z | SCHEDULED
wc26-15 | Ιράν vs Νέα Ζηλανδία | 2026-06-15T21:00:00Z | SCHEDULED
wc26-16 | Βέλγιο vs Αίγυπτος | 2026-06-15T15:00:00Z | SCHEDULED
wc26-17 | Γαλλία vs Σενεγάλη | 2026-06-16T15:00:00Z | SCHEDULED
wc26-18 | Ιράκ vs Νορβηγία | 2026-06-16T18:00:00Z | SCHEDULED
wc26-19 | Αργεντινή vs Αλγερία | 2026-06-16T21:00:00Z | SCHEDULED
wc26-20 | Αυστρία vs Ιορδανία | 2026-06-17T00:00:00Z | SCHEDULED
wc26-21 | Γκάνα vs Παναμάς | 2026-06-17T19:00:00Z | SCHEDULED
wc26-22 | Αγγλία vs Κροατία | 2026-06-17T16:00:00Z | SCHEDULED
wc26-23 | Πορτογαλία vs Λαϊκή Δημοκρατία του Κονγκό | 2026-06-17T13:00:00Z | SCHEDULED
wc26-24 | Ουζμπεκιστάν vs Κολομβία | 2026-06-17T22:00:00Z | SCHEDULED
wc26-25 | Τσεχία vs Νότια Αφρική | 2026-06-18T12:00:00Z | SCHEDULED
wc26-26 | Ελβετία vs Βοσνία και Ερζεγοβίνη | 2026-06-18T15:00:00Z | SCHEDULED
wc26-27 | Καναδάς vs Κατάρ | 2026-06-18T18:00:00Z | SCHEDULED
wc26-28 | Μεξικό vs Νότια Κορέα | 2026-06-18T21:00:00Z | SCHEDULED
wc26-29 | Βραζιλία vs Αϊτή | 2026-06-19T19:00:00Z | SCHEDULED
wc26-30 | Σκωτία vs Μαρόκο | 2026-06-19T18:00:00Z | SCHEDULED
wc26-31 | Τουρκία vs Παραγουάη | 2026-06-19T23:00:00Z | SCHEDULED
wc26-32 | Ηνωμένες Πολιτείες Αμερικής vs Αυστραλία | 2026-06-19T15:00:00Z | SCHEDULED
wc26-33 | Γερμανία vs Ακτή Ελεφαντοστού | 2026-06-20T16:00:00Z | SCHEDULED
wc26-34 | Ισημερινός vs Κουρασάο | 2026-06-20T20:00:00Z | SCHEDULED
wc26-35 | Ολλανδία vs Σουηδία | 2026-06-20T13:00:00Z | SCHEDULED
wc26-36 | Τυνησία vs Ιαπωνία | 2026-06-21T00:00:00Z | SCHEDULED
wc26-37 | Ουρουγουάη vs Πράσινο Ακρωτήριο | 2026-06-21T18:00:00Z | SCHEDULED
wc26-38 | Ισπανία vs Σαουδική Αραβία | 2026-06-21T12:00:00Z | SCHEDULED
wc26-39 | Βέλγιο vs Ιράν | 2026-06-21T15:00:00Z | SCHEDULED
wc26-40 | Νέα Ζηλανδία vs Αίγυπτος | 2026-06-21T21:00:00Z | SCHEDULED
wc26-41 | Νορβηγία vs Σενεγάλη | 2026-06-22T20:00:00Z | SCHEDULED
wc26-42 | Γαλλία vs Ιράκ | 2026-06-22T17:00:00Z | SCHEDULED
wc26-43 | Αργεντινή vs Αυστρία | 2026-06-22T13:00:00Z | SCHEDULED
wc26-44 | Ιορδανία vs Αλγερία | 2026-06-22T23:00:00Z | SCHEDULED
wc26-45 | Αγγλία vs Γκάνα | 2026-06-23T16:00:00Z | SCHEDULED
wc26-46 | Παναμάς vs Κροατία | 2026-06-23T19:00:00Z | SCHEDULED
wc26-47 | Πορτογαλία vs Ουζμπεκιστάν | 2026-06-23T13:00:00Z | SCHEDULED
wc26-48 | Κολομβία vs Λαϊκή Δημοκρατία του Κονγκό | 2026-06-23T22:00:00Z | SCHEDULED
wc26-49 | Σκωτία vs Βραζιλία | 2026-06-24T15:00:00Z | SCHEDULED
wc26-50 | Μαρόκο vs Αϊτή | 2026-06-24T15:00:00Z | SCHEDULED
wc26-51 | Ελβετία vs Καναδάς | 2026-06-24T18:00:00Z | SCHEDULED
wc26-52 | Βοσνία και Ερζεγοβίνη vs Κατάρ | 2026-06-24T18:00:00Z | SCHEDULED
wc26-53 | Τσεχία vs Μεξικό | 2026-06-24T21:00:00Z | SCHEDULED
wc26-54 | Νότια Αφρική vs Νότια Κορέα | 2026-06-24T21:00:00Z | SCHEDULED
wc26-55 | Κουρασάο vs Ακτή Ελεφαντοστού | 2026-06-25T13:00:00Z | SCHEDULED
wc26-56 | Ισημερινός vs Γερμανία | 2026-06-25T13:00:00Z | SCHEDULED
wc26-57 | Ιαπωνία vs Σουηδία | 2026-06-25T16:00:00Z | SCHEDULED
wc26-58 | Τυνησία vs Ολλανδία | 2026-06-25T16:00:00Z | SCHEDULED
wc26-59 | Τουρκία vs Ηνωμένες Πολιτείες Αμερικής | 2026-06-25T19:00:00Z | SCHEDULED
wc26-60 | Παραγουάη vs Αυστραλία | 2026-06-25T19:00:00Z | SCHEDULED
wc26-61 | Τουρκία vs Ηνωμένες Πολιτείες Αμερικής | 2026-06-26T12:00:00Z | SCHEDULED
wc26-62 | Νορβηγία vs Γαλλία | 2026-06-26T12:00:00Z | SCHEDULED
wc26-63 | Σενεγάλη vs Ιράκ | 2026-06-26T17:00:00Z | SCHEDULED
wc26-64 | Πράσινο Ακρωτήριο vs Σαουδική Αραβία | 2026-06-26T17:00:00Z | SCHEDULED
wc26-65 | Ουρουγουάη vs Ισπανία | 2026-06-26T20:00:00Z | SCHEDULED
wc26-66 | Αίγυπτος vs Ιράν | 2026-06-26T20:00:00Z | SCHEDULED
wc26-67 | Νέα Ζηλανδία vs Βέλγιο | 2026-06-27T14:00:00Z | SCHEDULED
wc26-68 | Κροατία vs Γκάνα | 2026-06-27T14:00:00Z | SCHEDULED
wc26-69 | Παναμάς vs Αγγλία | 2026-06-27T16:30:00Z | SCHEDULED
wc26-70 | Κολομβία vs Πορτογαλία | 2026-06-27T16:30:00Z | SCHEDULED
wc26-71 | Λαϊκή Δημοκρατία του Κονγκό vs Ουζμπεκιστάν | 2026-06-27T19:00:00Z | SCHEDULED
wc26-72 | Αλγερία vs Αυστρία | 2026-06-27T19:00:00Z | SCHEDULED
wc26-73 | Ιορδανία vs Αργεντινή | 2026-06-28T16:00:00Z | SCHEDULED
wc26-74 | Νικητής 2A vs Νικητής 2B | 2026-06-28T12:00:00Z | SCHEDULED
wc26-75 | Νικητής 1C vs Νικητής 2F | 2026-06-29T12:00:00Z | SCHEDULED
wc26-76 | Νικητής 1E vs Νικητής 3ABCDF | 2026-06-29T15:00:00Z | SCHEDULED
wc26-77 | Νικητής 1F vs Νικητής 2C | 2026-06-29T18:00:00Z | SCHEDULED
wc26-78 | Νικητής 1A vs Νικητής 3CEFHI | 2026-06-30T14:00:00Z | SCHEDULED
wc26-79 | Νικητής 1I vs Νικητής 3CDFGH | 2026-06-30T17:00:00Z | SCHEDULED
wc26-80 | Νικητής 1D vs Νικητής 3BEFIJ | 2026-07-01T12:00:00Z | SCHEDULED
wc26-81 | Νικητής 1G vs Νικητής 3AEHIJ | 2026-07-01T13:00:00Z | SCHEDULED
wc26-82 | Νικητής 1L vs Νικητής 3EHIJK | 2026-07-01T16:00:00Z | SCHEDULED
wc26-83 | Νικητής 1B vs Νικητής 3EFGIJ | 2026-07-02T12:00:00Z | SCHEDULED
wc26-84 | Νικητής 2K vs Νικητής 2L | 2026-07-02T15:00:00Z | SCHEDULED
wc26-85 | Νικητής 1H vs Νικητής 2J | 2026-07-02T18:00:00Z | SCHEDULED
wc26-86 | Νικητής 1J vs Νικητής 2H | 2026-07-03T13:00:00Z | SCHEDULED
wc26-87 | Νικητής 1K vs Νικητής 3DEIJL | 2026-07-03T12:00:00Z | SCHEDULED
wc26-88 | Νικητής 2D vs Νικητής 2G | 2026-07-03T16:30:00Z | SCHEDULED
wc26-89 | Νικητής 2C vs Νικητής 2I | 2026-07-03T20:00:00Z | SCHEDULED
wc26-90 | Νικητής 74 vs Νικητής 77 | 2026-07-04T10:00:00Z | SCHEDULED
wc26-91 | Νικητής 76 vs Νικητής 73 | 2026-07-04T14:00:00Z | SCHEDULED
wc26-92 | Νικητής 78 vs Νικητής 88 | 2026-07-05T13:00:00Z | SCHEDULED
wc26-93 | Νικητής 79 vs Νικητής 84 | 2026-07-05T17:00:00Z | SCHEDULED
wc26-94 | Νικητής 81 vs Νικητής 82 | 2026-07-06T12:00:00Z | SCHEDULED
wc26-95 | Νικητής 80 vs Νικητής 86 | 2026-07-06T17:00:00Z | SCHEDULED
wc26-96 | Νικητής 85 vs Νικητής 87 | 2026-07-07T09:00:00Z | SCHEDULED
wc26-97 | Νικητής 83 vs Νικητής 89 | 2026-07-07T13:00:00Z | SCHEDULED
wc26-98 | Νικητής 90 vs Νικητής 91 | 2026-07-09T16:00:00Z | SCHEDULED
wc26-99 | Νικητής 92 vs Νικητής 93 | 2026-07-10T12:00:00Z | SCHEDULED
wc26-100 | Νικητής 94 vs Νικητής 95 | 2026-07-11T14:00:00Z | SCHEDULED
wc26-101 | Νικητής 96 vs Νικητής 97 | 2026-07-11T18:00:00Z | SCHEDULED
wc26-102 | Νικητής 98 vs Νικητής 99 | 2026-07-14T12:00:00Z | SCHEDULED
wc26-103 | Νικητής 100 vs Νικητής 101 | 2026-07-15T12:00:00Z | SCHEDULED
wc26-104 | Ηττημένος 102 vs Ηττημένος 103 | 2026-07-18T14:00:00Z | SCHEDULED
wc26-105 | Νικητής 102 vs Νικητής 103 | 2026-07-19T12:00:00Z | SCHEDULED
sample-1 | Αγγλία vs Αγγλία | 2026-06-02T15:37:00Z | SCHEDULED
=====================
]]></system-out>
    <system-err><![CDATA[WARNING: A Java agent has been loaded dynamically (C:\Users\stavr\.m2\repository\net\bytebuddy\byte-buddy-agent\1.14.16\byte-buddy-agent-1.14.16.jar)
WARNING: If a serviceability tool is in use, please run with -XX:+EnableDynamicAgentLoading to hide this warning
WARNING: If a serviceability tool is not in use, please run with -Djdk.instrument.traceUsage for more information
WARNING: Dynamic loading of agents will be disallowed by default in a future release
]]></system-err>
  </testcase>
</testsuite>